2025-07-21 11:41:13,616 - __main__ - INFO - Using device: cpu
2025-07-21 11:41:13,617 - __main__ - INFO - Loading data from C:\uni\nlp\iranian-backing-sentiment-nlp\data\processed\comments_light_processed.csv
2025-07-21 11:41:13,711 - __main__ - INFO - Loaded 1688 samples
2025-07-21 11:41:13,715 - __main__ - INFO - Label distribution: {'negative': 1060, 'positive': 486, 'neutral': 142}
2025-07-21 11:41:13,715 - __main__ - INFO - Classes: ['negative', 'neutral', 'positive']
2025-07-21 11:41:13,716 - __main__ - INFO - Starting BERT fine-tuning...
2025-07-21 11:41:13,717 - __main__ - INFO - Loading BERT model: HooshvareLab/bert-base-parsbert-uncased
2025-07-21 11:41:16,880 - __main__ - INFO - Added 2 special tokens
2025-07-21 11:41:16,928 - __main__ - INFO - Tokenizer loaded. Vocabulary size: 100002
2025-07-21 11:41:16,929 - __main__ - INFO - Creating data loaders...
2025-07-21 11:41:16,937 - __main__ - INFO - Data splits - Train: 700, Val: 100, Test: 200
2025-07-21 11:41:16,941 - __main__ - INFO - Creating BERT model for 3 classes
2025-07-21 11:41:29,291 - __main__ - INFO - Resized token embeddings to 100002
2025-07-21 11:41:29,299 - __main__ - INFO - Model created with 162,845,187 total parameters
2025-07-21 11:41:29,300 - __main__ - INFO - Trainable parameters: 162,845,187
2025-07-21 11:41:29,305 - __main__ - INFO - Setup training with lr=2e-05, warmup_steps=13
2025-07-21 11:41:29,305 - __main__ - INFO - Epoch 1/3
2025-07-21 11:59:44,126 - __main__ - INFO - Train Loss: 0.7943, Train Acc: 0.6829
2025-07-21 11:59:44,127 - __main__ - INFO - Val Loss: 0.5370, Val Acc: 0.7900
2025-07-21 11:59:44,127 - __main__ - INFO - LR: 1.48e-05
2025-07-21 11:59:45,297 - __main__ - INFO - Epoch 2/3
2025-07-21 12:15:47,404 - __main__ - INFO - Train Loss: 0.3965, Train Acc: 0.8500
2025-07-21 12:15:47,404 - __main__ - INFO - Val Loss: 0.4058, Val Acc: 0.8600
2025-07-21 12:15:47,404 - __main__ - INFO - LR: 7.39e-06
2025-07-21 12:15:49,701 - __main__ - INFO - Epoch 3/3
2025-07-21 13:07:22,109 - __main__ - INFO - Train Loss: 0.2556, Train Acc: 0.9171
2025-07-21 13:07:22,109 - __main__ - INFO - Val Loss: 0.4121, Val Acc: 0.8800
2025-07-21 13:07:22,109 - __main__ - INFO - LR: 0.00e+00
2025-07-21 13:07:23,528 - __main__ - INFO - Fine-tuning completed in 5169.81 seconds
2025-07-21 13:07:23,529 - __main__ - INFO - Best validation accuracy: 0.8800
2025-07-21 13:07:23,530 - __main__ - INFO - Evaluating BERT model performance...
2025-07-21 13:07:48,907 - __main__ - INFO - Test accuracy: 0.8900
2025-07-21 13:07:48,908 - __main__ - INFO - Test F1-score (weighted): 0.8730
2025-07-21 13:07:55,287 - __main__ - INFO - Model saved to C:\uni\nlp\iranian-backing-sentiment-nlp\models\saved_models\bert_finetuned
2025-07-21 13:07:55,288 - __main__ - INFO - Model size: 625.14 MB
2025-07-21 13:07:55,321 - __main__ - INFO - Model report saved to C:\uni\nlp\iranian-backing-sentiment-nlp\results\reports\bert_finetuning_report.json
