2025-07-20 17:30:52,179 - src.data_collection.cafe_bazaar_scraper - INFO - Loaded 11 banking apps from C:\uni\nlp\iranian-backing-sentiment-nlp\data\raw\banking_apps_list.json
2025-07-20 17:30:52,179 - src.data_collection.cafe_bazaar_scraper - INFO - Processing app 1/11: Tejarat Bank
2025-07-20 17:30:52,179 - src.data_collection.cafe_bazaar_scraper - INFO - Starting to scrape Tejarat Bank (ir.tejaratbank.tata.mobile.android.tejarat)
2025-07-20 17:30:53,412 - src.data_collection.cafe_bazaar_scraper - INFO - Collected 10 comments from Tejarat Bank (Total: 10)
2025-07-20 17:30:56,294 - src.data_collection.cafe_bazaar_scraper - INFO - Collected 10 comments from Tejarat Bank (Total: 20)
2025-07-20 17:31:00,094 - src.data_collection.cafe_bazaar_scraper - INFO - Collected 10 comments from Tejarat Bank (Total: 30)
2025-07-20 17:31:03,472 - src.data_collection.cafe_bazaar_scraper - INFO - Collected 10 comments from Tejarat Bank (Total: 40)
2025-07-20 17:31:06,163 - src.data_collection.cafe_bazaar_scraper - INFO - Collected 10 comments from Tejarat Bank (Total: 50)
2025-07-20 17:31:09,537 - src.data_collection.cafe_bazaar_scraper - INFO - Collected 10 comments from Tejarat Bank (Total: 60)
2025-07-20 17:31:12,862 - src.data_collection.cafe_bazaar_scraper - INFO - Collected 10 comments from Tejarat Bank (Total: 70)
2025-07-20 17:31:15,904 - src.data_collection.cafe_bazaar_scraper - INFO - Collected 10 comments from Tejarat Bank (Total: 80)
2025-07-20 17:31:18,743 - src.data_collection.cafe_bazaar_scraper - INFO - Collected 10 comments from Tejarat Bank (Total: 90)
2025-07-20 17:31:21,571 - src.data_collection.cafe_bazaar_scraper - INFO - Collected 10 comments from Tejarat Bank (Total: 100)
2025-07-20 17:31:24,589 - src.data_collection.cafe_bazaar_scraper - INFO - Collected 10 comments from Tejarat Bank (Total: 110)
2025-07-20 17:31:27,963 - src.data_collection.cafe_bazaar_scraper - INFO - Collected 10 comments from Tejarat Bank (Total: 120)
2025-07-20 17:31:30,852 - src.data_collection.cafe_bazaar_scraper - INFO - Collected 10 comments from Tejarat Bank (Total: 130)
2025-07-20 17:31:33,492 - src.data_collection.cafe_bazaar_scraper - INFO - Collected 10 comments from Tejarat Bank (Total: 140)
2025-07-20 17:31:36,636 - src.data_collection.cafe_bazaar_scraper - INFO - Collected 10 comments from Tejarat Bank (Total: 150)
2025-07-20 17:31:40,005 - src.data_collection.cafe_bazaar_scraper - INFO - Collected 10 comments from Tejarat Bank (Total: 160)
2025-07-20 17:31:43,037 - src.data_collection.cafe_bazaar_scraper - INFO - Collected 10 comments from Tejarat Bank (Total: 170)
2025-07-20 17:31:45,796 - src.data_collection.cafe_bazaar_scraper - INFO - Collected 10 comments from Tejarat Bank (Total: 180)
2025-07-20 17:31:49,372 - src.data_collection.cafe_bazaar_scraper - INFO - Collected 10 comments from Tejarat Bank (Total: 190)
2025-07-20 17:31:52,306 - src.data_collection.cafe_bazaar_scraper - INFO - Collected 10 comments from Tejarat Bank (Total: 200)
2025-07-20 17:31:52,310 - src.data_collection.cafe_bazaar_scraper - INFO - Finished scraping Tejarat Bank: 200 comments collected
2025-07-20 17:31:52,310 - src.data_collection.cafe_bazaar_scraper - INFO - Successfully collected 200 comments from Tejarat Bank
2025-07-20 17:31:52,313 - src.data_collection.cafe_bazaar_scraper - INFO - Processing app 2/11: Mellat Bank
2025-07-20 17:31:52,317 - src.data_collection.cafe_bazaar_scraper - INFO - Starting to scrape Mellat Bank (com.pmb.mobile)
2025-07-20 17:31:52,401 - src.data_collection.cafe_bazaar_scraper - INFO - Collected 10 comments from Mellat Bank (Total: 10)
2025-07-20 17:31:55,552 - src.data_collection.cafe_bazaar_scraper - INFO - Collected 10 comments from Mellat Bank (Total: 20)
2025-07-20 17:31:58,732 - src.data_collection.cafe_bazaar_scraper - INFO - Collected 10 comments from Mellat Bank (Total: 30)
2025-07-20 17:32:01,313 - src.data_collection.cafe_bazaar_scraper - INFO - Collected 10 comments from Mellat Bank (Total: 40)
2025-07-20 17:32:04,127 - src.data_collection.cafe_bazaar_scraper - INFO - Collected 10 comments from Mellat Bank (Total: 50)
2025-07-20 17:32:06,743 - src.data_collection.cafe_bazaar_scraper - INFO - Collected 10 comments from Mellat Bank (Total: 60)
2025-07-20 17:32:09,544 - src.data_collection.cafe_bazaar_scraper - INFO - Collected 10 comments from Mellat Bank (Total: 70)
2025-07-20 17:32:12,327 - src.data_collection.cafe_bazaar_scraper - INFO - Collected 10 comments from Mellat Bank (Total: 80)
2025-07-20 17:32:15,454 - src.data_collection.cafe_bazaar_scraper - INFO - Collected 10 comments from Mellat Bank (Total: 90)
2025-07-20 17:32:18,907 - src.data_collection.cafe_bazaar_scraper - INFO - Collected 10 comments from Mellat Bank (Total: 100)
2025-07-20 17:32:21,821 - src.data_collection.cafe_bazaar_scraper - INFO - Collected 10 comments from Mellat Bank (Total: 110)
2025-07-20 17:32:25,077 - src.data_collection.cafe_bazaar_scraper - INFO - Collected 10 comments from Mellat Bank (Total: 120)
2025-07-20 17:32:28,334 - src.data_collection.cafe_bazaar_scraper - INFO - Collected 10 comments from Mellat Bank (Total: 130)
2025-07-20 17:32:31,460 - src.data_collection.cafe_bazaar_scraper - INFO - Collected 10 comments from Mellat Bank (Total: 140)
2025-07-20 17:32:34,657 - src.data_collection.cafe_bazaar_scraper - INFO - Collected 10 comments from Mellat Bank (Total: 150)
2025-07-20 17:32:37,520 - src.data_collection.cafe_bazaar_scraper - INFO - Collected 10 comments from Mellat Bank (Total: 160)
2025-07-20 17:32:40,874 - src.data_collection.cafe_bazaar_scraper - INFO - Collected 10 comments from Mellat Bank (Total: 170)
2025-07-20 17:32:44,174 - src.data_collection.cafe_bazaar_scraper - INFO - Collected 10 comments from Mellat Bank (Total: 180)
2025-07-20 17:32:47,138 - src.data_collection.cafe_bazaar_scraper - INFO - Collected 10 comments from Mellat Bank (Total: 190)
2025-07-20 17:32:50,305 - src.data_collection.cafe_bazaar_scraper - INFO - Collected 10 comments from Mellat Bank (Total: 200)
2025-07-20 17:32:50,305 - src.data_collection.cafe_bazaar_scraper - INFO - Finished scraping Mellat Bank: 200 comments collected
2025-07-20 17:32:50,305 - src.data_collection.cafe_bazaar_scraper - INFO - Successfully collected 200 comments from Mellat Bank
2025-07-20 17:32:50,305 - src.data_collection.cafe_bazaar_scraper - INFO - Processing app 3/11: ًRefah Bank
2025-07-20 17:32:50,306 - src.data_collection.cafe_bazaar_scraper - INFO - Starting to scrape ًRefah Bank (com.refahbank.dpi.android)
2025-07-20 17:32:50,371 - src.data_collection.cafe_bazaar_scraper - INFO - Collected 10 comments from ًRefah Bank (Total: 10)
2025-07-20 17:32:53,687 - src.data_collection.cafe_bazaar_scraper - INFO - Collected 10 comments from ًRefah Bank (Total: 20)
2025-07-20 17:32:56,732 - src.data_collection.cafe_bazaar_scraper - INFO - Collected 10 comments from ًRefah Bank (Total: 30)
2025-07-20 17:32:59,899 - src.data_collection.cafe_bazaar_scraper - INFO - Collected 10 comments from ًRefah Bank (Total: 40)
2025-07-20 17:33:02,576 - src.data_collection.cafe_bazaar_scraper - INFO - Collected 10 comments from ًRefah Bank (Total: 50)
2025-07-20 17:33:05,600 - src.data_collection.cafe_bazaar_scraper - INFO - Collected 10 comments from ًRefah Bank (Total: 60)
2025-07-20 17:33:08,734 - src.data_collection.cafe_bazaar_scraper - INFO - Collected 10 comments from ًRefah Bank (Total: 70)
2025-07-20 17:33:11,672 - src.data_collection.cafe_bazaar_scraper - INFO - Collected 10 comments from ًRefah Bank (Total: 80)
2025-07-20 17:33:14,454 - src.data_collection.cafe_bazaar_scraper - INFO - Collected 10 comments from ًRefah Bank (Total: 90)
2025-07-20 17:33:17,978 - src.data_collection.cafe_bazaar_scraper - INFO - Collected 10 comments from ًRefah Bank (Total: 100)
2025-07-20 17:33:20,759 - src.data_collection.cafe_bazaar_scraper - INFO - Collected 10 comments from ًRefah Bank (Total: 110)
2025-07-20 17:33:23,402 - src.data_collection.cafe_bazaar_scraper - INFO - Collected 10 comments from ًRefah Bank (Total: 120)
2025-07-20 17:33:26,784 - src.data_collection.cafe_bazaar_scraper - INFO - Collected 10 comments from ًRefah Bank (Total: 130)
2025-07-20 17:33:29,994 - src.data_collection.cafe_bazaar_scraper - INFO - Collected 10 comments from ًRefah Bank (Total: 140)
2025-07-20 17:33:33,477 - src.data_collection.cafe_bazaar_scraper - INFO - Collected 10 comments from ًRefah Bank (Total: 150)
2025-07-20 17:33:36,918 - src.data_collection.cafe_bazaar_scraper - INFO - Collected 10 comments from ًRefah Bank (Total: 160)
2025-07-20 17:33:39,581 - src.data_collection.cafe_bazaar_scraper - INFO - Collected 10 comments from ًRefah Bank (Total: 170)
2025-07-20 17:33:43,061 - src.data_collection.cafe_bazaar_scraper - INFO - Collected 10 comments from ًRefah Bank (Total: 180)
2025-07-20 17:33:46,323 - src.data_collection.cafe_bazaar_scraper - INFO - Collected 10 comments from ًRefah Bank (Total: 190)
2025-07-20 17:33:50,154 - src.data_collection.cafe_bazaar_scraper - INFO - Collected 10 comments from ًRefah Bank (Total: 200)
2025-07-20 17:33:50,154 - src.data_collection.cafe_bazaar_scraper - INFO - Finished scraping ًRefah Bank: 200 comments collected
2025-07-20 17:33:50,154 - src.data_collection.cafe_bazaar_scraper - INFO - Successfully collected 200 comments from ًRefah Bank
2025-07-20 17:33:50,155 - src.data_collection.cafe_bazaar_scraper - INFO - Processing app 4/11: Parsian Bank
2025-07-20 17:33:50,155 - src.data_collection.cafe_bazaar_scraper - INFO - Starting to scrape Parsian Bank (com.parsmobapp)
2025-07-20 17:33:50,269 - src.data_collection.cafe_bazaar_scraper - INFO - Collected 10 comments from Parsian Bank (Total: 10)
2025-07-20 17:33:53,131 - src.data_collection.cafe_bazaar_scraper - INFO - Collected 10 comments from Parsian Bank (Total: 20)
2025-07-20 17:33:55,939 - src.data_collection.cafe_bazaar_scraper - INFO - Collected 10 comments from Parsian Bank (Total: 30)
2025-07-20 17:33:59,116 - src.data_collection.cafe_bazaar_scraper - INFO - Collected 10 comments from Parsian Bank (Total: 40)
2025-07-20 17:34:02,598 - src.data_collection.cafe_bazaar_scraper - INFO - Collected 10 comments from Parsian Bank (Total: 50)
2025-07-20 17:34:06,037 - src.data_collection.cafe_bazaar_scraper - INFO - Collected 10 comments from Parsian Bank (Total: 60)
2025-07-20 17:34:08,935 - src.data_collection.cafe_bazaar_scraper - INFO - Collected 10 comments from Parsian Bank (Total: 70)
2025-07-20 17:34:12,325 - src.data_collection.cafe_bazaar_scraper - INFO - Collected 10 comments from Parsian Bank (Total: 80)
2025-07-20 17:34:15,294 - src.data_collection.cafe_bazaar_scraper - INFO - Collected 10 comments from Parsian Bank (Total: 90)
2025-07-20 17:34:18,314 - src.data_collection.cafe_bazaar_scraper - INFO - Collected 10 comments from Parsian Bank (Total: 100)
2025-07-20 17:34:21,300 - src.data_collection.cafe_bazaar_scraper - INFO - Collected 10 comments from Parsian Bank (Total: 110)
2025-07-20 17:34:24,360 - src.data_collection.cafe_bazaar_scraper - INFO - Collected 10 comments from Parsian Bank (Total: 120)
2025-07-20 17:34:27,372 - src.data_collection.cafe_bazaar_scraper - INFO - Collected 10 comments from Parsian Bank (Total: 130)
2025-07-20 17:34:30,268 - src.data_collection.cafe_bazaar_scraper - INFO - Collected 10 comments from Parsian Bank (Total: 140)
2025-07-20 17:34:33,503 - src.data_collection.cafe_bazaar_scraper - INFO - Collected 10 comments from Parsian Bank (Total: 150)
2025-07-20 17:34:36,999 - src.data_collection.cafe_bazaar_scraper - INFO - Collected 10 comments from Parsian Bank (Total: 160)
2025-07-20 17:34:40,500 - src.data_collection.cafe_bazaar_scraper - INFO - Collected 10 comments from Parsian Bank (Total: 170)
2025-07-20 17:34:43,792 - src.data_collection.cafe_bazaar_scraper - INFO - Collected 10 comments from Parsian Bank (Total: 180)
2025-07-20 17:34:47,151 - src.data_collection.cafe_bazaar_scraper - INFO - Collected 10 comments from Parsian Bank (Total: 190)
2025-07-20 17:34:50,007 - src.data_collection.cafe_bazaar_scraper - INFO - Collected 10 comments from Parsian Bank (Total: 200)
2025-07-20 17:34:50,017 - src.data_collection.cafe_bazaar_scraper - INFO - Finished scraping Parsian Bank: 200 comments collected
2025-07-20 17:34:50,024 - src.data_collection.cafe_bazaar_scraper - INFO - Successfully collected 200 comments from Parsian Bank
2025-07-20 17:34:50,025 - src.data_collection.cafe_bazaar_scraper - INFO - Processing app 5/11: Eghtesad Novin Bank
2025-07-20 17:34:50,033 - src.data_collection.cafe_bazaar_scraper - INFO - Starting to scrape Eghtesad Novin Bank (com.farazpardazan.enbank)
2025-07-20 17:34:50,121 - src.data_collection.cafe_bazaar_scraper - INFO - Collected 10 comments from Eghtesad Novin Bank (Total: 10)
2025-07-20 17:34:53,695 - src.data_collection.cafe_bazaar_scraper - INFO - Collected 10 comments from Eghtesad Novin Bank (Total: 20)
2025-07-20 17:34:57,165 - src.data_collection.cafe_bazaar_scraper - INFO - Collected 10 comments from Eghtesad Novin Bank (Total: 30)
2025-07-20 17:35:00,643 - src.data_collection.cafe_bazaar_scraper - INFO - Collected 10 comments from Eghtesad Novin Bank (Total: 40)
2025-07-20 17:35:03,552 - src.data_collection.cafe_bazaar_scraper - INFO - Collected 10 comments from Eghtesad Novin Bank (Total: 50)
2025-07-20 17:35:07,054 - src.data_collection.cafe_bazaar_scraper - INFO - Collected 10 comments from Eghtesad Novin Bank (Total: 60)
2025-07-20 17:35:10,497 - src.data_collection.cafe_bazaar_scraper - INFO - Collected 10 comments from Eghtesad Novin Bank (Total: 70)
2025-07-20 17:35:13,332 - src.data_collection.cafe_bazaar_scraper - INFO - Collected 10 comments from Eghtesad Novin Bank (Total: 80)
2025-07-20 17:35:17,458 - src.data_collection.cafe_bazaar_scraper - INFO - Collected 10 comments from Eghtesad Novin Bank (Total: 90)
2025-07-20 17:35:20,331 - src.data_collection.cafe_bazaar_scraper - INFO - Collected 10 comments from Eghtesad Novin Bank (Total: 100)
2025-07-20 17:35:23,591 - src.data_collection.cafe_bazaar_scraper - INFO - Collected 10 comments from Eghtesad Novin Bank (Total: 110)
2025-07-20 17:35:27,048 - src.data_collection.cafe_bazaar_scraper - INFO - Collected 10 comments from Eghtesad Novin Bank (Total: 120)
2025-07-20 17:35:29,734 - src.data_collection.cafe_bazaar_scraper - INFO - Collected 10 comments from Eghtesad Novin Bank (Total: 130)
2025-07-20 17:35:32,541 - src.data_collection.cafe_bazaar_scraper - INFO - Collected 10 comments from Eghtesad Novin Bank (Total: 140)
2025-07-20 17:35:35,740 - src.data_collection.cafe_bazaar_scraper - INFO - Collected 10 comments from Eghtesad Novin Bank (Total: 150)
2025-07-20 17:35:39,148 - src.data_collection.cafe_bazaar_scraper - INFO - Collected 10 comments from Eghtesad Novin Bank (Total: 160)
2025-07-20 17:35:42,428 - src.data_collection.cafe_bazaar_scraper - INFO - Collected 10 comments from Eghtesad Novin Bank (Total: 170)
2025-07-20 17:35:45,922 - src.data_collection.cafe_bazaar_scraper - INFO - Collected 10 comments from Eghtesad Novin Bank (Total: 180)
2025-07-20 17:35:49,403 - src.data_collection.cafe_bazaar_scraper - INFO - Collected 10 comments from Eghtesad Novin Bank (Total: 190)
2025-07-20 17:35:52,972 - src.data_collection.cafe_bazaar_scraper - INFO - Collected 10 comments from Eghtesad Novin Bank (Total: 200)
2025-07-20 17:35:52,973 - src.data_collection.cafe_bazaar_scraper - INFO - Finished scraping Eghtesad Novin Bank: 200 comments collected
2025-07-20 17:35:52,973 - src.data_collection.cafe_bazaar_scraper - INFO - Successfully collected 200 comments from Eghtesad Novin Bank
2025-07-20 17:35:52,973 - src.data_collection.cafe_bazaar_scraper - INFO - Processing app 6/11: Melli Bank
2025-07-20 17:35:52,973 - src.data_collection.cafe_bazaar_scraper - INFO - Starting to scrape Melli Bank (ir.bmi.bam.nativeweb)
2025-07-20 17:35:53,055 - src.data_collection.cafe_bazaar_scraper - INFO - Collected 10 comments from Melli Bank (Total: 10)
2025-07-20 17:35:55,767 - src.data_collection.cafe_bazaar_scraper - INFO - Collected 10 comments from Melli Bank (Total: 20)
2025-07-20 17:35:59,239 - src.data_collection.cafe_bazaar_scraper - INFO - Collected 10 comments from Melli Bank (Total: 30)
2025-07-20 17:36:02,620 - src.data_collection.cafe_bazaar_scraper - INFO - Collected 10 comments from Melli Bank (Total: 40)
2025-07-20 17:36:05,360 - src.data_collection.cafe_bazaar_scraper - INFO - Collected 10 comments from Melli Bank (Total: 50)
2025-07-20 17:36:08,610 - src.data_collection.cafe_bazaar_scraper - INFO - Collected 10 comments from Melli Bank (Total: 60)
2025-07-20 17:36:11,453 - src.data_collection.cafe_bazaar_scraper - INFO - Collected 10 comments from Melli Bank (Total: 70)
2025-07-20 17:36:14,463 - src.data_collection.cafe_bazaar_scraper - INFO - Collected 10 comments from Melli Bank (Total: 80)
2025-07-20 17:36:17,814 - src.data_collection.cafe_bazaar_scraper - INFO - Collected 10 comments from Melli Bank (Total: 90)
2025-07-20 17:36:20,987 - src.data_collection.cafe_bazaar_scraper - INFO - Collected 10 comments from Melli Bank (Total: 100)
2025-07-20 17:36:24,175 - src.data_collection.cafe_bazaar_scraper - INFO - Collected 10 comments from Melli Bank (Total: 110)
2025-07-20 17:36:27,384 - src.data_collection.cafe_bazaar_scraper - INFO - Collected 10 comments from Melli Bank (Total: 120)
2025-07-20 17:36:30,464 - src.data_collection.cafe_bazaar_scraper - INFO - Collected 10 comments from Melli Bank (Total: 130)
2025-07-20 17:36:33,731 - src.data_collection.cafe_bazaar_scraper - INFO - Collected 10 comments from Melli Bank (Total: 140)
2025-07-20 17:36:36,859 - src.data_collection.cafe_bazaar_scraper - INFO - Collected 10 comments from Melli Bank (Total: 150)
2025-07-20 17:36:39,562 - src.data_collection.cafe_bazaar_scraper - INFO - Collected 10 comments from Melli Bank (Total: 160)
2025-07-20 17:36:43,091 - src.data_collection.cafe_bazaar_scraper - INFO - Collected 10 comments from Melli Bank (Total: 170)
2025-07-20 17:36:45,977 - src.data_collection.cafe_bazaar_scraper - INFO - Collected 10 comments from Melli Bank (Total: 180)
2025-07-20 17:36:49,271 - src.data_collection.cafe_bazaar_scraper - INFO - Collected 10 comments from Melli Bank (Total: 190)
2025-07-20 17:36:52,875 - src.data_collection.cafe_bazaar_scraper - INFO - Collected 10 comments from Melli Bank (Total: 200)
2025-07-20 17:36:52,875 - src.data_collection.cafe_bazaar_scraper - INFO - Finished scraping Melli Bank: 200 comments collected
2025-07-20 17:36:52,875 - src.data_collection.cafe_bazaar_scraper - INFO - Successfully collected 200 comments from Melli Bank
2025-07-20 17:36:52,875 - src.data_collection.cafe_bazaar_scraper - INFO - Processing app 7/11: Saderat Bank
2025-07-20 17:36:52,875 - src.data_collection.cafe_bazaar_scraper - INFO - Starting to scrape Saderat Bank (com.isc.bsinew)
2025-07-20 17:36:52,962 - src.data_collection.cafe_bazaar_scraper - INFO - Collected 10 comments from Saderat Bank (Total: 10)
2025-07-20 17:36:56,008 - src.data_collection.cafe_bazaar_scraper - INFO - Collected 10 comments from Saderat Bank (Total: 20)
2025-07-20 17:36:58,993 - src.data_collection.cafe_bazaar_scraper - INFO - Collected 10 comments from Saderat Bank (Total: 30)
2025-07-20 17:37:01,793 - src.data_collection.cafe_bazaar_scraper - INFO - Collected 10 comments from Saderat Bank (Total: 40)
2025-07-20 17:37:04,835 - src.data_collection.cafe_bazaar_scraper - INFO - Collected 10 comments from Saderat Bank (Total: 50)
2025-07-20 17:37:07,792 - src.data_collection.cafe_bazaar_scraper - INFO - Collected 10 comments from Saderat Bank (Total: 60)
2025-07-20 17:37:10,937 - src.data_collection.cafe_bazaar_scraper - INFO - Collected 10 comments from Saderat Bank (Total: 70)
2025-07-20 17:37:14,183 - src.data_collection.cafe_bazaar_scraper - INFO - Collected 10 comments from Saderat Bank (Total: 80)
2025-07-20 17:37:17,461 - src.data_collection.cafe_bazaar_scraper - INFO - Collected 10 comments from Saderat Bank (Total: 90)
2025-07-20 17:37:20,430 - src.data_collection.cafe_bazaar_scraper - INFO - Collected 10 comments from Saderat Bank (Total: 100)
2025-07-20 17:37:23,960 - src.data_collection.cafe_bazaar_scraper - INFO - Collected 10 comments from Saderat Bank (Total: 110)
2025-07-20 17:37:26,857 - src.data_collection.cafe_bazaar_scraper - INFO - Collected 10 comments from Saderat Bank (Total: 120)
2025-07-20 17:37:30,244 - src.data_collection.cafe_bazaar_scraper - INFO - Collected 10 comments from Saderat Bank (Total: 130)
2025-07-20 17:37:33,426 - src.data_collection.cafe_bazaar_scraper - INFO - Collected 10 comments from Saderat Bank (Total: 140)
2025-07-20 17:37:36,138 - src.data_collection.cafe_bazaar_scraper - INFO - Collected 10 comments from Saderat Bank (Total: 150)
2025-07-20 17:37:38,774 - src.data_collection.cafe_bazaar_scraper - INFO - Collected 10 comments from Saderat Bank (Total: 160)
2025-07-20 17:37:41,534 - src.data_collection.cafe_bazaar_scraper - INFO - Collected 10 comments from Saderat Bank (Total: 170)
2025-07-20 17:37:44,662 - src.data_collection.cafe_bazaar_scraper - INFO - Collected 10 comments from Saderat Bank (Total: 180)
2025-07-20 17:37:47,949 - src.data_collection.cafe_bazaar_scraper - INFO - Collected 10 comments from Saderat Bank (Total: 190)
2025-07-20 17:37:50,780 - src.data_collection.cafe_bazaar_scraper - INFO - Collected 10 comments from Saderat Bank (Total: 200)
2025-07-20 17:37:50,780 - src.data_collection.cafe_bazaar_scraper - INFO - Finished scraping Saderat Bank: 200 comments collected
2025-07-20 17:37:50,781 - src.data_collection.cafe_bazaar_scraper - INFO - Successfully collected 200 comments from Saderat Bank
2025-07-20 17:37:50,781 - src.data_collection.cafe_bazaar_scraper - INFO - Processing app 8/11: Dey Bank
2025-07-20 17:37:50,781 - src.data_collection.cafe_bazaar_scraper - INFO - Starting to scrape Dey Bank (com.tosan.dara.day)
2025-07-20 17:37:50,854 - src.data_collection.cafe_bazaar_scraper - INFO - Collected 10 comments from Dey Bank (Total: 10)
2025-07-20 17:37:53,672 - src.data_collection.cafe_bazaar_scraper - INFO - Collected 10 comments from Dey Bank (Total: 20)
2025-07-20 17:37:56,925 - src.data_collection.cafe_bazaar_scraper - INFO - Collected 10 comments from Dey Bank (Total: 30)
2025-07-20 17:38:00,158 - src.data_collection.cafe_bazaar_scraper - INFO - Collected 10 comments from Dey Bank (Total: 40)
2025-07-20 17:38:03,203 - src.data_collection.cafe_bazaar_scraper - INFO - Collected 10 comments from Dey Bank (Total: 50)
2025-07-20 17:38:06,389 - src.data_collection.cafe_bazaar_scraper - INFO - Collected 10 comments from Dey Bank (Total: 60)
2025-07-20 17:38:09,952 - src.data_collection.cafe_bazaar_scraper - INFO - Collected 10 comments from Dey Bank (Total: 70)
2025-07-20 17:38:13,507 - src.data_collection.cafe_bazaar_scraper - INFO - Collected 10 comments from Dey Bank (Total: 80)
2025-07-20 17:38:16,553 - src.data_collection.cafe_bazaar_scraper - INFO - Collected 10 comments from Dey Bank (Total: 90)
2025-07-20 17:38:19,751 - src.data_collection.cafe_bazaar_scraper - INFO - Collected 10 comments from Dey Bank (Total: 100)
2025-07-20 17:38:22,499 - src.data_collection.cafe_bazaar_scraper - INFO - Collected 10 comments from Dey Bank (Total: 110)
2025-07-20 17:38:25,661 - src.data_collection.cafe_bazaar_scraper - INFO - Collected 10 comments from Dey Bank (Total: 120)
2025-07-20 17:38:28,411 - src.data_collection.cafe_bazaar_scraper - INFO - Collected 10 comments from Dey Bank (Total: 130)
2025-07-20 17:38:31,600 - src.data_collection.cafe_bazaar_scraper - INFO - Collected 10 comments from Dey Bank (Total: 140)
2025-07-20 17:38:34,928 - src.data_collection.cafe_bazaar_scraper - INFO - Collected 10 comments from Dey Bank (Total: 150)
2025-07-20 17:38:38,232 - src.data_collection.cafe_bazaar_scraper - INFO - Collected 10 comments from Dey Bank (Total: 160)
2025-07-20 17:38:41,170 - src.data_collection.cafe_bazaar_scraper - INFO - Collected 10 comments from Dey Bank (Total: 170)
2025-07-20 17:38:44,086 - src.data_collection.cafe_bazaar_scraper - INFO - Collected 10 comments from Dey Bank (Total: 180)
2025-07-20 17:38:47,004 - src.data_collection.cafe_bazaar_scraper - INFO - Collected 10 comments from Dey Bank (Total: 190)
2025-07-20 17:38:50,404 - src.data_collection.cafe_bazaar_scraper - INFO - Collected 10 comments from Dey Bank (Total: 200)
2025-07-20 17:38:50,405 - src.data_collection.cafe_bazaar_scraper - INFO - Finished scraping Dey Bank: 200 comments collected
2025-07-20 17:38:50,405 - src.data_collection.cafe_bazaar_scraper - INFO - Successfully collected 200 comments from Dey Bank
2025-07-20 17:38:50,405 - src.data_collection.cafe_bazaar_scraper - INFO - Processing app 9/11: Resalat Bank
2025-07-20 17:38:50,405 - src.data_collection.cafe_bazaar_scraper - INFO - Starting to scrape Resalat Bank (mob.banking.android.resalat)
2025-07-20 17:38:50,520 - src.data_collection.cafe_bazaar_scraper - INFO - Collected 10 comments from Resalat Bank (Total: 10)
2025-07-20 17:38:53,372 - src.data_collection.cafe_bazaar_scraper - INFO - Collected 10 comments from Resalat Bank (Total: 20)
2025-07-20 17:38:56,851 - src.data_collection.cafe_bazaar_scraper - INFO - Collected 10 comments from Resalat Bank (Total: 30)
2025-07-20 17:39:00,383 - src.data_collection.cafe_bazaar_scraper - INFO - Collected 10 comments from Resalat Bank (Total: 40)
2025-07-20 17:39:03,409 - src.data_collection.cafe_bazaar_scraper - INFO - Collected 10 comments from Resalat Bank (Total: 50)
2025-07-20 17:39:06,263 - src.data_collection.cafe_bazaar_scraper - INFO - Collected 10 comments from Resalat Bank (Total: 60)
2025-07-20 17:39:09,412 - src.data_collection.cafe_bazaar_scraper - INFO - Collected 10 comments from Resalat Bank (Total: 70)
2025-07-20 17:39:12,224 - src.data_collection.cafe_bazaar_scraper - INFO - Collected 10 comments from Resalat Bank (Total: 80)
2025-07-20 17:39:15,442 - src.data_collection.cafe_bazaar_scraper - INFO - Collected 10 comments from Resalat Bank (Total: 90)
2025-07-20 17:39:18,298 - src.data_collection.cafe_bazaar_scraper - INFO - Collected 10 comments from Resalat Bank (Total: 100)
2025-07-20 17:39:21,427 - src.data_collection.cafe_bazaar_scraper - INFO - Collected 10 comments from Resalat Bank (Total: 110)
2025-07-20 17:39:24,379 - src.data_collection.cafe_bazaar_scraper - INFO - Collected 10 comments from Resalat Bank (Total: 120)
2025-07-20 17:39:27,163 - src.data_collection.cafe_bazaar_scraper - INFO - Collected 10 comments from Resalat Bank (Total: 130)
2025-07-20 17:39:30,701 - src.data_collection.cafe_bazaar_scraper - INFO - Collected 10 comments from Resalat Bank (Total: 140)
2025-07-20 17:39:34,259 - src.data_collection.cafe_bazaar_scraper - INFO - Collected 10 comments from Resalat Bank (Total: 150)
2025-07-20 17:39:37,233 - src.data_collection.cafe_bazaar_scraper - INFO - Collected 10 comments from Resalat Bank (Total: 160)
2025-07-20 17:39:40,841 - src.data_collection.cafe_bazaar_scraper - INFO - Collected 10 comments from Resalat Bank (Total: 170)
2025-07-20 17:39:43,979 - src.data_collection.cafe_bazaar_scraper - INFO - Collected 10 comments from Resalat Bank (Total: 180)
2025-07-20 17:39:47,045 - src.data_collection.cafe_bazaar_scraper - INFO - Collected 10 comments from Resalat Bank (Total: 190)
2025-07-20 17:39:49,818 - src.data_collection.cafe_bazaar_scraper - INFO - Collected 10 comments from Resalat Bank (Total: 200)
2025-07-20 17:39:49,823 - src.data_collection.cafe_bazaar_scraper - INFO - Finished scraping Resalat Bank: 200 comments collected
2025-07-20 17:39:49,828 - src.data_collection.cafe_bazaar_scraper - INFO - Successfully collected 200 comments from Resalat Bank
2025-07-20 17:39:49,833 - src.data_collection.cafe_bazaar_scraper - INFO - Processing app 10/11: Saman Bank
2025-07-20 17:39:49,844 - src.data_collection.cafe_bazaar_scraper - INFO - Starting to scrape Saman Bank (ir.mobillet.app)
2025-07-20 17:39:49,941 - src.data_collection.cafe_bazaar_scraper - INFO - Collected 10 comments from Saman Bank (Total: 10)
2025-07-20 17:39:52,598 - src.data_collection.cafe_bazaar_scraper - INFO - Collected 10 comments from Saman Bank (Total: 20)
2025-07-20 17:39:55,818 - src.data_collection.cafe_bazaar_scraper - INFO - Collected 10 comments from Saman Bank (Total: 30)
2025-07-20 17:39:59,083 - src.data_collection.cafe_bazaar_scraper - INFO - Collected 10 comments from Saman Bank (Total: 40)
2025-07-20 17:40:01,869 - src.data_collection.cafe_bazaar_scraper - INFO - Collected 10 comments from Saman Bank (Total: 50)
2025-07-20 17:40:05,113 - src.data_collection.cafe_bazaar_scraper - INFO - Collected 10 comments from Saman Bank (Total: 60)
2025-07-20 17:40:08,355 - src.data_collection.cafe_bazaar_scraper - INFO - Collected 10 comments from Saman Bank (Total: 70)
2025-07-20 17:40:11,103 - src.data_collection.cafe_bazaar_scraper - INFO - Collected 10 comments from Saman Bank (Total: 80)
2025-07-20 17:40:14,779 - src.data_collection.cafe_bazaar_scraper - INFO - Collected 10 comments from Saman Bank (Total: 90)
2025-07-20 17:40:17,749 - src.data_collection.cafe_bazaar_scraper - INFO - Collected 10 comments from Saman Bank (Total: 100)
2025-07-20 17:40:21,126 - src.data_collection.cafe_bazaar_scraper - INFO - Collected 10 comments from Saman Bank (Total: 110)
2025-07-20 17:40:24,447 - src.data_collection.cafe_bazaar_scraper - INFO - Collected 10 comments from Saman Bank (Total: 120)
2025-07-20 17:40:27,313 - src.data_collection.cafe_bazaar_scraper - INFO - Collected 10 comments from Saman Bank (Total: 130)
2025-07-20 17:40:30,091 - src.data_collection.cafe_bazaar_scraper - INFO - Collected 10 comments from Saman Bank (Total: 140)
2025-07-20 17:40:33,441 - src.data_collection.cafe_bazaar_scraper - INFO - Collected 10 comments from Saman Bank (Total: 150)
2025-07-20 17:40:36,172 - src.data_collection.cafe_bazaar_scraper - INFO - Collected 10 comments from Saman Bank (Total: 160)
2025-07-20 17:40:39,571 - src.data_collection.cafe_bazaar_scraper - INFO - Collected 10 comments from Saman Bank (Total: 170)
2025-07-20 17:40:42,854 - src.data_collection.cafe_bazaar_scraper - INFO - Collected 10 comments from Saman Bank (Total: 180)
2025-07-20 17:40:45,945 - src.data_collection.cafe_bazaar_scraper - INFO - Collected 10 comments from Saman Bank (Total: 190)
2025-07-20 17:40:48,859 - src.data_collection.cafe_bazaar_scraper - INFO - Collected 10 comments from Saman Bank (Total: 200)
2025-07-20 17:40:48,863 - src.data_collection.cafe_bazaar_scraper - INFO - Finished scraping Saman Bank: 200 comments collected
2025-07-20 17:40:48,870 - src.data_collection.cafe_bazaar_scraper - INFO - Successfully collected 200 comments from Saman Bank
2025-07-20 17:40:48,875 - src.data_collection.cafe_bazaar_scraper - INFO - Processing app 11/11: Blu Bank
2025-07-20 17:40:48,890 - src.data_collection.cafe_bazaar_scraper - INFO - Starting to scrape Blu Bank (com.samanpr.blu)
2025-07-20 17:40:49,006 - src.data_collection.cafe_bazaar_scraper - INFO - Collected 10 comments from Blu Bank (Total: 10)
2025-07-20 17:40:51,860 - src.data_collection.cafe_bazaar_scraper - INFO - Collected 10 comments from Blu Bank (Total: 20)
2025-07-20 17:40:55,435 - src.data_collection.cafe_bazaar_scraper - INFO - Collected 10 comments from Blu Bank (Total: 30)
2025-07-20 17:40:58,185 - src.data_collection.cafe_bazaar_scraper - INFO - Collected 10 comments from Blu Bank (Total: 40)
2025-07-20 17:41:01,577 - src.data_collection.cafe_bazaar_scraper - INFO - Collected 10 comments from Blu Bank (Total: 50)
2025-07-20 17:41:05,446 - src.data_collection.cafe_bazaar_scraper - INFO - Collected 10 comments from Blu Bank (Total: 60)
2025-07-20 17:41:08,585 - src.data_collection.cafe_bazaar_scraper - INFO - Collected 10 comments from Blu Bank (Total: 70)
2025-07-20 17:41:11,775 - src.data_collection.cafe_bazaar_scraper - INFO - Collected 10 comments from Blu Bank (Total: 80)
2025-07-20 17:41:15,209 - src.data_collection.cafe_bazaar_scraper - INFO - Collected 10 comments from Blu Bank (Total: 90)
2025-07-20 17:41:18,723 - src.data_collection.cafe_bazaar_scraper - INFO - Collected 10 comments from Blu Bank (Total: 100)
2025-07-20 17:41:21,416 - src.data_collection.cafe_bazaar_scraper - INFO - Collected 10 comments from Blu Bank (Total: 110)
2025-07-20 17:41:24,344 - src.data_collection.cafe_bazaar_scraper - INFO - Collected 10 comments from Blu Bank (Total: 120)
2025-07-20 17:41:27,555 - src.data_collection.cafe_bazaar_scraper - INFO - Collected 10 comments from Blu Bank (Total: 130)
2025-07-20 17:41:30,703 - src.data_collection.cafe_bazaar_scraper - INFO - Collected 10 comments from Blu Bank (Total: 140)
2025-07-20 17:41:33,361 - src.data_collection.cafe_bazaar_scraper - INFO - Collected 10 comments from Blu Bank (Total: 150)
2025-07-20 17:41:36,036 - src.data_collection.cafe_bazaar_scraper - INFO - Collected 10 comments from Blu Bank (Total: 160)
2025-07-20 17:41:39,501 - src.data_collection.cafe_bazaar_scraper - INFO - Collected 10 comments from Blu Bank (Total: 170)
2025-07-20 17:41:42,860 - src.data_collection.cafe_bazaar_scraper - INFO - Collected 10 comments from Blu Bank (Total: 180)
2025-07-20 17:41:46,067 - src.data_collection.cafe_bazaar_scraper - INFO - Collected 10 comments from Blu Bank (Total: 190)
2025-07-20 17:41:49,459 - src.data_collection.cafe_bazaar_scraper - INFO - Collected 10 comments from Blu Bank (Total: 200)
2025-07-20 17:41:49,465 - src.data_collection.cafe_bazaar_scraper - INFO - Finished scraping Blu Bank: 200 comments collected
2025-07-20 17:41:49,472 - src.data_collection.cafe_bazaar_scraper - INFO - Successfully collected 200 comments from Blu Bank
2025-07-20 17:41:49,753 - src.data_collection.cafe_bazaar_scraper - INFO - Saved 2200 comments to C:\uni\nlp\iranian-backing-sentiment-nlp\data\raw\cafe_bazaar_comments.csv
2025-07-20 17:41:49,773 - src.data_collection.cafe_bazaar_scraper - INFO - Saved scraping log to C:\uni\nlp\iranian-backing-sentiment-nlp\data\raw\scraping_log.json
