2025-07-21 11:33:01,023 - __main__ - INFO - Using device: cpu
2025-07-21 11:33:01,024 - __main__ - INFO - Loading data from C:\uni\nlp\iranian-backing-sentiment-nlp\data\processed\comments_heavy_stem_processed.csv
2025-07-21 11:33:01,097 - __main__ - INFO - Loaded 1450 samples
2025-07-21 11:33:01,099 - __main__ - INFO - Label distribution: {'negative': 994, 'positive': 325, 'neutral': 131}
2025-07-21 11:33:01,101 - __main__ - INFO - Starting LSTM training...
2025-07-21 11:33:01,101 - __main__ - INFO - Building vocabulary...
2025-07-21 11:33:01,109 - __main__ - INFO - Vocabulary size: 1313
2025-07-21 11:33:01,114 - __main__ - INFO - Words with freq >= 2: 1311
2025-07-21 11:33:01,114 - __main__ - INFO - Loading pretrained embeddings from C:\uni\nlp\iranian-backing-sentiment-nlp\models\saved_models\word2vec_vectors.kv
2025-07-21 11:33:01,115 - gensim.utils - INFO - loading KeyedVectors object from C:\uni\nlp\iranian-backing-sentiment-nlp\models\saved_models\word2vec_vectors.kv
2025-07-21 11:33:01,144 - gensim.utils - INFO - KeyedVectors lifecycle event {'fname': 'C:\\uni\\nlp\\iranian-backing-sentiment-nlp\\models\\saved_models\\word2vec_vectors.kv', 'datetime': '2025-07-21T11:33:01.118421', 'gensim': '4.3.3', 'python': '3.11.13 | packaged by Anaconda, Inc. | (main, Jun  5 2025, 13:03:15) [MSC v.1929 64 bit (AMD64)]', 'platform': 'Windows-10-10.0.26100-SP0', 'event': 'loaded'}
2025-07-21 11:33:01,158 - __main__ - INFO - Embedding coverage: 99.77% (1310/1313)
2025-07-21 11:33:01,159 - __main__ - INFO - Creating data loaders...
2025-07-21 11:33:01,166 - __main__ - INFO - Data splits - Train: 1015, Val: 145, Test: 290
2025-07-21 11:33:01,192 - __main__ - INFO - Created LSTM model
2025-07-21 11:33:01,193 - __main__ - INFO - Total parameters: 996,555
2025-07-21 11:33:01,193 - __main__ - INFO - Trainable parameters: 996,555
2025-07-21 11:34:05,068 - __main__ - INFO - Epoch 5/30
2025-07-21 11:34:05,068 - __main__ - INFO - Train Loss: 0.2269, Train Acc: 0.9143
2025-07-21 11:34:05,068 - __main__ - INFO - Val Loss: 0.4999, Val Acc: 0.8552
2025-07-21 11:34:05,068 - __main__ - INFO - LR: 0.001000
2025-07-21 11:34:58,487 - __main__ - INFO - Early stopping at epoch 9
2025-07-21 11:35:03,635 - __main__ - INFO - Training completed in 117.49 seconds
2025-07-21 11:35:03,636 - __main__ - INFO - Final validation accuracy: 0.8690
2025-07-21 11:35:03,636 - __main__ - INFO - Evaluating model performance...
2025-07-21 11:35:09,120 - __main__ - INFO - Test accuracy: 0.8069
2025-07-21 11:35:09,121 - __main__ - INFO - Test F1-score (weighted): 0.7592
2025-07-21 11:35:14,560 - __main__ - INFO - Model saved to C:\uni\nlp\iranian-backing-sentiment-nlp\models\saved_models\lstm_model.pth
2025-07-21 11:35:14,562 - __main__ - INFO - Model size: 3.90 MB
2025-07-21 11:35:14,612 - __main__ - INFO - Model report saved to C:\uni\nlp\iranian-backing-sentiment-nlp\results\reports\lstm_report.json
2025-07-21 11:35:14,872 - __main__ - INFO - Using device: cpu
2025-07-21 11:35:14,875 - __main__ - INFO - Loading data from C:\uni\nlp\iranian-backing-sentiment-nlp\data\processed\comments_heavy_stem_processed.csv
2025-07-21 11:35:15,043 - __main__ - INFO - Loaded 1450 samples
2025-07-21 11:35:15,045 - __main__ - INFO - Label distribution: {'negative': 994, 'positive': 325, 'neutral': 131}
2025-07-21 11:35:15,046 - __main__ - INFO - Starting CNN training...
2025-07-21 11:35:15,064 - __main__ - INFO - Building vocabulary...
2025-07-21 11:35:15,070 - __main__ - INFO - Vocabulary size: 1313
2025-07-21 11:35:15,070 - __main__ - INFO - Words with freq >= 2: 1311
2025-07-21 11:35:15,071 - __main__ - INFO - Loading pretrained embeddings from C:\uni\nlp\iranian-backing-sentiment-nlp\models\saved_models\word2vec_vectors.kv
2025-07-21 11:35:15,071 - gensim.utils - INFO - loading KeyedVectors object from C:\uni\nlp\iranian-backing-sentiment-nlp\models\saved_models\word2vec_vectors.kv
2025-07-21 11:35:15,074 - gensim.utils - INFO - KeyedVectors lifecycle event {'fname': 'C:\\uni\\nlp\\iranian-backing-sentiment-nlp\\models\\saved_models\\word2vec_vectors.kv', 'datetime': '2025-07-21T11:35:15.074391', 'gensim': '4.3.3', 'python': '3.11.13 | packaged by Anaconda, Inc. | (main, Jun  5 2025, 13:03:15) [MSC v.1929 64 bit (AMD64)]', 'platform': 'Windows-10-10.0.26100-SP0', 'event': 'loaded'}
2025-07-21 11:35:15,090 - __main__ - INFO - Embedding coverage: 99.77% (1310/1313)
2025-07-21 11:35:15,093 - __main__ - INFO - Creating data loaders...
2025-07-21 11:35:15,099 - __main__ - INFO - Data splits - Train: 1015, Val: 145, Test: 290
2025-07-21 11:35:15,114 - __main__ - INFO - Created CNN model
2025-07-21 11:35:15,118 - __main__ - INFO - Total parameters: 503,803
2025-07-21 11:35:15,128 - __main__ - INFO - Trainable parameters: 503,803
2025-07-21 11:35:55,627 - __main__ - INFO - Epoch 5/30
2025-07-21 11:35:55,628 - __main__ - INFO - Train Loss: 0.1264, Train Acc: 0.9655
2025-07-21 11:35:55,629 - __main__ - INFO - Val Loss: 0.5309, Val Acc: 0.8414
2025-07-21 11:35:55,630 - __main__ - INFO - LR: 0.001000
2025-07-21 11:36:13,787 - __main__ - INFO - Early stopping at epoch 7
2025-07-21 11:36:16,876 - __main__ - INFO - Training completed in 58.76 seconds
2025-07-21 11:36:16,877 - __main__ - INFO - Final validation accuracy: 0.8345
2025-07-21 11:36:16,877 - __main__ - INFO - Evaluating model performance...
2025-07-21 11:36:18,319 - __main__ - INFO - Test accuracy: 0.8138
2025-07-21 11:36:18,320 - __main__ - INFO - Test F1-score (weighted): 0.7843
2025-07-21 11:36:21,870 - __main__ - INFO - Model saved to C:\uni\nlp\iranian-backing-sentiment-nlp\models\saved_models\cnn_model.pth
2025-07-21 11:36:21,872 - __main__ - INFO - Model size: 2.02 MB
2025-07-21 11:36:21,938 - __main__ - INFO - Model report saved to C:\uni\nlp\iranian-backing-sentiment-nlp\results\reports\cnn_report.json
